#
# An unexpected error has been detected by Java Runtime Environment:
#
#  EXCEPTION_ACCESS_VIOLATION (0xc0000005) at pc=0x76e968d9, pid=6272, tid=6228
#
# Java VM: Java HotSpot(TM) Client VM (1.6.0-b105 mixed mode, sharing)
# Problematic frame:
# C  [KERNELBASE.dll+0x168d9]
#
# If you would like to submit a bug report, please visit:
#   http://java.sun.com/webapps/bugreport/crash.jsp
#

---------------  T H R E A D  ---------------

Current thread (0x04735400):  JavaThread "AWT-EventQueue-0" [_thread_in_native, id=6228]

siginfo: ExceptionCode=0xc0000005, reading address 0x00000010

Registers:
EAX=0x00000010, EBX=0x281df9c0, ECX=0x00000000, EDX=0x00008000
ESP=0x0509efec, EBP=0x0509eff4, ESI=0x00010010, EDI=0x0509f00c
EIP=0x76e968d9, EFLAGS=0x00010287

Top of Stack: (sp=0x0509efec)
0x0509efec:   005c8f88 00000010 0509f010 76e96938
0x0509effc:   00000010 00008000 0509f00c 00000010
0x0509f00c:   00000000 0509f01c 75546986 00000010
0x0509f01c:   0509f250 7569e82a 00000010 00000010
0x0509f02c:   80070057 281df9c0 00000001 00000010
0x0509f03c:   718fc107 0509f208 769bd13a 754eebc8
0x0509f04c:   00000000 769bd178 754eebc8 769a3e64
0x0509f05c:   00000000 00585524 769bd063 00000001 

Instructions: (pc=0x76e968d9)
0x76e968c9:   01 00 00 8d 34 50 33 c9 3b c6 0f 83 ac 01 00 00
0x76e968d9:   0f b7 10 66 85 d2 74 16 83 fa 20 74 66 83 fa 2e 


Stack: [0x05050000,0x050a0000),  sp=0x0509efec,  free space=315k
Native frames: (J=compiled Java code, j=interpreted, Vv=VM code, C=native code)
C  [KERNELBASE.dll+0x168d9]
C  [KERNELBASE.dll+0x16938]
C  [SHELL32.dll+0x66986]
C  [SHELL32.dll+0x1be82a]
C  [SHELL32.dll+0x1be7c6]
C  [awt.dll+0x137895]
j  sun.awt.shell.Win32ShellFolder2.getLinkLocation(Z)Lsun/awt/shell/ShellFolder;+20
j  sun.awt.shell.Win32ShellFolder2.isDirectory()Z+69
j  sun.awt.shell.Win32ShellFolder2.isDirectory()Z+79
j  sun.awt.shell.Win32ShellFolderManager2.get(Ljava/lang/String;)Ljava/lang/Object;+156
j  sun.awt.shell.ShellFolder.get(Ljava/lang/String;)Ljava/lang/Object;+4
j  javax.swing.plaf.metal.MetalFileChooserUI.updateUseShellFolder()V+55
j  javax.swing.plaf.metal.MetalFileChooserUI.installComponents(Ljavax/swing/JFileChooser;)V+67
j  javax.swing.plaf.basic.BasicFileChooserUI.installUI(Ljavax/swing/JComponent;)V+47
j  javax.swing.plaf.metal.MetalFileChooserUI.installUI(Ljavax/swing/JComponent;)V+2
j  javax.swing.JComponent.setUI(Ljavax/swing/plaf/ComponentUI;)V+135
j  javax.swing.JFileChooser.updateUI()V+40
j  javax.swing.JFileChooser.setup(Ljavax/swing/filechooser/FileSystemView;)V+18
j  javax.swing.JFileChooser.<init>(Ljava/io/File;Ljavax/swing/filechooser/FileSystemView;)V+133
j  javax.swing.JFileChooser.<init>()V+9
j  imgsearch.gui.MainFrame.<init>()V+9
j  imgsearch.gui.MainFrame$15.run()V+4
j  java.awt.event.InvocationEvent.dispatch()V+47
j  java.awt.EventQueue.dispatchEvent(Ljava/awt/AWTEvent;)V+26
j  java.awt.EventDispatchThread.pumpOneEventForFilters(I)Z+156
j  java.awt.EventDispatchThread.pumpEventsForFilter(ILjava/awt/Conditional;Ljava/awt/EventFilter;)V+30
j  java.awt.EventDispatchThread.pumpEventsForHierarchy(ILjava/awt/Conditional;Ljava/awt/Component;)V+11
j  java.awt.EventDispatchThread.pumpEvents(ILjava/awt/Conditional;)V+4
j  java.awt.EventDispatchThread.pumpEvents(Ljava/awt/Conditional;)V+3
j  java.awt.EventDispatchThread.run()V+9
v  ~StubRoutines::call_stub

Java frames: (J=compiled Java code, j=interpreted, Vv=VM code)
j  sun.awt.shell.Win32ShellFolder2.getLinkLocation(JJZ)J+0
j  sun.awt.shell.Win32ShellFolder2.getLinkLocation(Z)Lsun/awt/shell/ShellFolder;+20
j  sun.awt.shell.Win32ShellFolder2.isDirectory()Z+69
j  sun.awt.shell.Win32ShellFolder2.isDirectory()Z+79
j  sun.awt.shell.Win32ShellFolderManager2.get(Ljava/lang/String;)Ljava/lang/Object;+156
j  sun.awt.shell.ShellFolder.get(Ljava/lang/String;)Ljava/lang/Object;+4
j  javax.swing.plaf.metal.MetalFileChooserUI.updateUseShellFolder()V+55
j  javax.swing.plaf.metal.MetalFileChooserUI.installComponents(Ljavax/swing/JFileChooser;)V+67
j  javax.swing.plaf.basic.BasicFileChooserUI.installUI(Ljavax/swing/JComponent;)V+47
j  javax.swing.plaf.metal.MetalFileChooserUI.installUI(Ljavax/swing/JComponent;)V+2
j  javax.swing.JComponent.setUI(Ljavax/swing/plaf/ComponentUI;)V+135
j  javax.swing.JFileChooser.updateUI()V+40
j  javax.swing.JFileChooser.setup(Ljavax/swing/filechooser/FileSystemView;)V+18
j  javax.swing.JFileChooser.<init>(Ljava/io/File;Ljavax/swing/filechooser/FileSystemView;)V+133
j  javax.swing.JFileChooser.<init>()V+9
j  imgsearch.gui.MainFrame.<init>()V+9
j  imgsearch.gui.MainFrame$15.run()V+4
j  java.awt.event.InvocationEvent.dispatch()V+47
j  java.awt.EventQueue.dispatchEvent(Ljava/awt/AWTEvent;)V+26
j  java.awt.EventDispatchThread.pumpOneEventForFilters(I)Z+156
j  java.awt.EventDispatchThread.pumpEventsForFilter(ILjava/awt/Conditional;Ljava/awt/EventFilter;)V+30
j  java.awt.EventDispatchThread.pumpEventsForHierarchy(ILjava/awt/Conditional;Ljava/awt/Component;)V+11
j  java.awt.EventDispatchThread.pumpEvents(ILjava/awt/Conditional;)V+4
j  java.awt.EventDispatchThread.pumpEvents(Ljava/awt/Conditional;)V+3
j  java.awt.EventDispatchThread.run()V+9
v  ~StubRoutines::call_stub

---------------  P R O C E S S  ---------------

Java Threads: ( => current thread )
  0x002d8400 JavaThread "DestroyJavaVM" [_thread_blocked, id=1280]
=>0x04735400 JavaThread "AWT-EventQueue-0" [_thread_in_native, id=6228]
  0x006ff800 JavaThread "AWT-Windows" daemon [_thread_in_native, id=748]
  0x006ff000 JavaThread "AWT-Shutdown" [_thread_blocked, id=4252]
  0x00701800 JavaThread "Java2D Disposer" daemon [_thread_blocked, id=1848]
  0x006a8400 JavaThread "Low Memory Detector" daemon [_thread_blocked, id=8040]
  0x006a6800 JavaThread "CompilerThread0" daemon [_thread_blocked, id=5952]
  0x006a6000 JavaThread "Attach Listener" daemon [_thread_blocked, id=92]
  0x006a5800 JavaThread "Signal Dispatcher" daemon [_thread_blocked, id=2268]
  0x00667000 JavaThread "Finalizer" daemon [_thread_blocked, id=7816]
  0x00662400 JavaThread "Reference Handler" daemon [_thread_blocked, id=6820]

Other Threads:
  0x00658c00 VMThread [id=5856]
  0x006adc00 WatcherThread [id=5944]

VM state:not at safepoint (normal execution)

VM Mutex/Monitor currently owned by a thread: None

Heap
 def new generation   total 960K, used 944K [0x240b0000, 0x241b0000, 0x24590000)
  eden space 896K,  99% used [0x240b0000, 0x2418ffb8, 0x24190000)
  from space 64K,  75% used [0x24190000, 0x2419c148, 0x241a0000)
  to   space 64K,   0% used [0x241a0000, 0x241a0000, 0x241b0000)
 tenured generation   total 8196K, used 5598K [0x24590000, 0x24d91000, 0x280b0000)
   the space 8196K,  68% used [0x24590000, 0x24b07838, 0x24b07a00, 0x24d91000)
 compacting perm gen  total 12288K, used 1226K [0x280b0000, 0x28cb0000, 0x2c0b0000)
   the space 12288K,   9% used [0x280b0000, 0x281e2918, 0x281e2a00, 0x28cb0000)
    ro space 8192K,  66% used [0x2c0b0000, 0x2c5f9920, 0x2c5f9a00, 0x2c8b0000)
    rw space 12288K,  52% used [0x2c8b0000, 0x2cef6130, 0x2cef6200, 0x2d4b0000)

Dynamic libraries:
0x00400000 - 0x00423000 	C:\Program Files (x86)\Java\jdk1.6.0\bin\java.exe
0x778a0000 - 0x779f7000 	C:\Windows\SYSTEM32\ntdll.dll
0x751b0000 - 0x752e0000 	C:\Windows\SYSTEM32\KERNEL32.DLL
0x76e80000 - 0x76f27000 	C:\Windows\SYSTEM32\KERNELBASE.dll
0x74140000 - 0x741e7000 	C:\Windows\system32\apphelp.dll
0x76810000 - 0x768be000 	C:\Windows\SYSTEM32\ADVAPI32.dll
0x77170000 - 0x77221000 	C:\Windows\SYSTEM32\msvcrt.dll
0x76de0000 - 0x76e14000 	C:\Windows\SYSTEM32\sechost.dll
0x77500000 - 0x775ac000 	C:\Windows\SYSTEM32\RPCRT4.dll
0x74e90000 - 0x74ead000 	C:\Windows\SYSTEM32\SspiCli.dll
0x74e80000 - 0x74e89000 	C:\Windows\SYSTEM32\CRYPTBASE.dll
0x74e20000 - 0x74e71000 	C:\Windows\SYSTEM32\bcryptPrimitives.dll
0x7c340000 - 0x7c396000 	C:\Program Files (x86)\Java\jdk1.6.0\jre\bin\msvcr71.dll
0x6d7c0000 - 0x6da07000 	C:\Program Files (x86)\Java\jdk1.6.0\jre\bin\client\jvm.dll
0x773e0000 - 0x774f6000 	C:\Windows\SYSTEM32\USER32.dll
0x74de0000 - 0x74e01000 	C:\Windows\SYSTEM32\WINMM.dll
0x76650000 - 0x7674d000 	C:\Windows\SYSTEM32\GDI32.dll
0x74760000 - 0x7478b000 	C:\Windows\SYSTEM32\WINMMBASE.dll
0x77770000 - 0x777b6000 	C:\Windows\SYSTEM32\cfgmgr32.dll
0x777c0000 - 0x777de000 	C:\Windows\SYSTEM32\DEVOBJ.dll
0x76630000 - 0x76650000 	C:\Windows\system32\IMM32.DLL
0x768c0000 - 0x7699e000 	C:\Windows\SYSTEM32\MSCTF.dll
0x6d310000 - 0x6d318000 	C:\Program Files (x86)\Java\jdk1.6.0\jre\bin\hpi.dll
0x76dd0000 - 0x76dd6000 	C:\Windows\SYSTEM32\PSAPI.DLL
0x6d770000 - 0x6d77c000 	C:\Program Files (x86)\Java\jdk1.6.0\jre\bin\verify.dll
0x6d3b0000 - 0x6d3cf000 	C:\Program Files (x86)\Java\jdk1.6.0\jre\bin\java.dll
0x6d7b0000 - 0x6d7bf000 	C:\Program Files (x86)\Java\jdk1.6.0\jre\bin\zip.dll
0x6d000000 - 0x6d1c3000 	C:\Program Files (x86)\Java\jdk1.6.0\jre\bin\awt.dll
0x74d80000 - 0x74de0000 	C:\Windows\SYSTEM32\WINSPOOL.DRV
0x77230000 - 0x77349000 	C:\Windows\SYSTEM32\ole32.dll
0x769a0000 - 0x76ad6000 	C:\Windows\SYSTEM32\combase.dll
0x66270000 - 0x664b4000 	C:\Windows\AppPatch\AcGenral.DLL
0x75100000 - 0x75140000 	C:\Windows\SYSTEM32\SHLWAPI.dll
0x74310000 - 0x74398000 	C:\Windows\SYSTEM32\UxTheme.dll
0x745a0000 - 0x745b2000 	C:\Windows\SYSTEM32\samcli.dll
0x74ec0000 - 0x74f4b000 	C:\Windows\SYSTEM32\OLEAUT32.dll
0x74790000 - 0x747a4000 	C:\Windows\SYSTEM32\MSACM32.dll
0x74d70000 - 0x74d78000 	C:\Windows\SYSTEM32\VERSION.dll
0x754e0000 - 0x765a6000 	C:\Windows\SYSTEM32\SHELL32.dll
0x76610000 - 0x7662b000 	C:\Windows\SYSTEM32\USERENV.dll
0x742f0000 - 0x74309000 	C:\Windows\SYSTEM32\dwmapi.dll
0x76ca0000 - 0x76dc1000 	C:\Windows\SYSTEM32\urlmon.dll
0x73e70000 - 0x73e83000 	C:\Windows\SYSTEM32\MPR.dll
0x76fc0000 - 0x76fd1000 	C:\Windows\SYSTEM32\profapi.dll
0x752e0000 - 0x754d9000 	C:\Windows\SYSTEM32\iertutil.dll
0x775b0000 - 0x77767000 	C:\Windows\SYSTEM32\WININET.dll
0x746d0000 - 0x74743000 	C:\Windows\SYSTEM32\SHCORE.DLL
0x6dde0000 - 0x6de81000 	c:\Program Files (x86)\Hewlett-Packard\HP ProtectTools Security Manager\Bin\DpoFeedb.dll
0x6e2e0000 - 0x6e329000 	c:\Program Files (x86)\Hewlett-Packard\HP ProtectTools Security Manager\Bin\DpoSet.dll
0x6d2b0000 - 0x6d303000 	C:\Program Files (x86)\Java\jdk1.6.0\jre\bin\fontmanager.dll
0x6d220000 - 0x6d243000 	C:\Program Files (x86)\Java\jdk1.6.0\jre\bin\dcpr.dll
0x6d570000 - 0x6d583000 	C:\Program Files (x86)\Java\jdk1.6.0\jre\bin\net.dll
0x76c50000 - 0x76ca0000 	C:\Windows\SYSTEM32\WS2_32.dll
0x74eb0000 - 0x74eb8000 	C:\Windows\SYSTEM32\NSI.dll
0x709a0000 - 0x709ea000 	C:\Windows\system32\mswsock.dll
0x6d590000 - 0x6d599000 	C:\Program Files (x86)\Java\jdk1.6.0\jre\bin\nio.dll
0x745e0000 - 0x74667000 	C:\Windows\WinSxS\x86_microsoft.windows.common-controls_6595b64144ccf1df_5.82.9200.16658_none_bf1359a245f1cd12\comctl32.dll
0x74f50000 - 0x750ff000 	C:\Windows\SYSTEM32\SETUPAPI.dll
0x76760000 - 0x767d4000 	C:\Windows\SYSTEM32\clbcatq.dll
0x6ee00000 - 0x6ef19000 	C:\Windows\system32\propsys.dll
0x68360000 - 0x684f8000 	C:\Windows\system32\NetworkExplorer.dll
0x699b0000 - 0x699b8000 	C:\Windows\System32\drprov.dll
0x73e90000 - 0x73ece000 	C:\Windows\System32\WINSTA.dll
0x699a0000 - 0x699af000 	C:\Windows\System32\ntlanman.dll
0x69980000 - 0x69999000 	C:\Windows\System32\davclnt.dll
0x69970000 - 0x69979000 	C:\Windows\System32\DAVHLPR.dll
0x74670000 - 0x74680000 	C:\Windows\SYSTEM32\wkscli.dll
0x6ea20000 - 0x6ea2e000 	C:\Windows\SYSTEM32\cscapi.dll
0x746a0000 - 0x746ab000 	C:\Windows\SYSTEM32\netutils.dll
0x6bc40000 - 0x6bc49000 	C:\Windows\SYSTEM32\LINKINFO.dll
0x699c0000 - 0x69a74000 	C:\Windows\system32\SearchFolder.dll
0x6df30000 - 0x6df65000 	C:\Windows\SYSTEM32\XmlLite.dll
0x742c0000 - 0x742da000 	C:\Windows\SYSTEM32\CRYPTSP.dll
0x74280000 - 0x742be000 	C:\Windows\system32\rsaenh.dll

VM Arguments:
jvm_args: -Dfile.encoding=UTF-8
java_command: imgsearch.gui.MainFrame
Launcher Type: SUN_STANDARD

Environment Variables:
PATH=C:\Program Files (x86)\AMD APP\bin\x86_64;C:\Program Files (x86)\AMD APP\bin\x86;c:\Program Files (x86)\Intel\iCLS Client\;c:\Program Files\Intel\iCLS Client\;C:\Windows\system32;C:\Windows;C:\Windows\System32\Wbem;C:\Windows\System32\WindowsPowerShell\v1.0\;c:\Program Files (x86)\Hewlett-Packard\HP ProtectTools Security Manager\Bin\;C:\Program Files (x86)\ATI Technologies\ATI.ACE\Core-Static;C:\Program Files (x86)\Microsoft SQL Server\100\Tools\Binn\;C:\Program Files\Microsoft SQL Server\100\Tools\Binn\;C:\Program Files\Microsoft SQL Server\100\DTS\Binn\;C:\Program Files (x86)\Microsoft SQL Server\100\Tools\Binn\VSShell\Common7\IDE\;C:\Program Files (x86)\Microsoft SQL Server\100\DTS\Binn\;C:\Program Files (x86)\Microsoft Visual Studio 9.0\Common7\IDE\PrivateAssemblies\;C:\Program Files\MATLAB\R2013b\runtime\win64;C:\Program Files\MATLAB\R2013b\bin;C:\Program Files (x86)\Java\jdk1.6.0\bin.;C:\Program Files\Intel\Intel(R) Management Engine Components\DAL;C:\Program Files\Intel\Intel(R) Management Engine Components\IPT;C:\Program Files (x86)\Intel\Intel(R) Management Engine Components\DAL;C:\Program Files (x86)\Intel\Intel(R) Management Engine Components\IPT;C:\Program Files (x86)\Java\jdk1.6.0\bin.;
USERNAME=Rajesh
OS=Windows_NT
PROCESSOR_IDENTIFIER=Intel64 Family 6 Model 58 Stepping 9, GenuineIntel



---------------  S Y S T E M  ---------------

OS: Windows NT 6.2 Build 9200 

CPU:total 4 family 6, cmov, cx8, fxsr, mmx, sse, sse2

Memory: 4k page, physical 4072196k(1664072k free), swap 4194303k(4194303k free)

vm_info: Java HotSpot(TM) Client VM (1.6.0-b105) for windows-x86, built on Nov 29 2006 00:48:48 by "java_re" with unknown MS VC++:1310

