#
# An unexpected error has been detected by Java Runtime Environment:
#
#  EXCEPTION_ACCESS_VIOLATION (0xc0000005) at pc=0x759e68d9, pid=11632, tid=12436
#
# Java VM: Java HotSpot(TM) Client VM (1.6.0-b105 mixed mode, sharing)
# Problematic frame:
# C  [KERNELBASE.dll+0x168d9]
#
# If you would like to submit a bug report, please visit:
#   http://java.sun.com/webapps/bugreport/crash.jsp
#

---------------  T H R E A D  ---------------

Current thread (0x0473f800):  JavaThread "AWT-EventQueue-0" [_thread_in_native, id=12436]

siginfo: ExceptionCode=0xc0000005, reading address 0x00000010

Registers:
EAX=0x00000010, EBX=0x2822c800, ECX=0x00000000, EDX=0x00008000
ESP=0x0511efec, EBP=0x0511eff4, ESI=0x00010010, EDI=0x0511f00c
EIP=0x759e68d9, EFLAGS=0x00010287

Top of Stack: (sp=0x0511efec)
0x0511efec:   0021cbd8 00000010 0511f010 759e6938
0x0511effc:   00000010 00008000 0511f00c 00000010
0x0511f00c:   00000000 0511f01c 760e6986 00000010
0x0511f01c:   0511f250 7623e82a 00000010 00000010
0x0511f02c:   80070057 2822c800 00000001 00000010
0x0511f03c:   e023d93c 0511f208 771cd13a 7608ebc8
0x0511f04c:   00000000 771cd178 7608ebc8 771b3e64
0x0511f05c:   00000000 001dbd6c 771cd063 00000001 

Instructions: (pc=0x759e68d9)
0x759e68c9:   01 00 00 8d 34 50 33 c9 3b c6 0f 83 ac 01 00 00
0x759e68d9:   0f b7 10 66 85 d2 74 16 83 fa 20 74 66 83 fa 2e 


Stack: [0x050d0000,0x05120000),  sp=0x0511efec,  free space=315k
Native frames: (J=compiled Java code, j=interpreted, Vv=VM code, C=native code)
C  [KERNELBASE.dll+0x168d9]
C  [KERNELBASE.dll+0x16938]
C  [SHELL32.dll+0x66986]
C  [SHELL32.dll+0x1be82a]
C  [SHELL32.dll+0x1be7c6]
C  [awt.dll+0x137895]
j  sun.awt.shell.Win32ShellFolder2.getLinkLocation(Z)Lsun/awt/shell/ShellFolder;+20
j  sun.awt.shell.Win32ShellFolder2.isDirectory()Z+69
j  sun.awt.shell.Win32ShellFolder2.isDirectory()Z+79
j  sun.awt.shell.Win32ShellFolderManager2.get(Ljava/lang/String;)Ljava/lang/Object;+156
j  sun.awt.shell.ShellFolder.get(Ljava/lang/String;)Ljava/lang/Object;+4
j  javax.swing.plaf.metal.MetalFileChooserUI.updateUseShellFolder()V+55
j  javax.swing.plaf.metal.MetalFileChooserUI.installComponents(Ljavax/swing/JFileChooser;)V+67
j  javax.swing.plaf.basic.BasicFileChooserUI.installUI(Ljavax/swing/JComponent;)V+47
j  javax.swing.plaf.metal.MetalFileChooserUI.installUI(Ljavax/swing/JComponent;)V+2
j  javax.swing.JComponent.setUI(Ljavax/swing/plaf/ComponentUI;)V+135
j  javax.swing.JFileChooser.updateUI()V+40
j  javax.swing.JFileChooser.setup(Ljavax/swing/filechooser/FileSystemView;)V+18
j  javax.swing.JFileChooser.<init>(Ljava/io/File;Ljavax/swing/filechooser/FileSystemView;)V+133
j  javax.swing.JFileChooser.<init>()V+9
j  imgsearch.gui.MainFrame.<init>()V+9
j  imgsearch.gui.MainFrame$15.run()V+4
j  java.awt.event.InvocationEvent.dispatch()V+47
j  java.awt.EventQueue.dispatchEvent(Ljava/awt/AWTEvent;)V+26
j  java.awt.EventDispatchThread.pumpOneEventForFilters(I)Z+156
j  java.awt.EventDispatchThread.pumpEventsForFilter(ILjava/awt/Conditional;Ljava/awt/EventFilter;)V+30
j  java.awt.EventDispatchThread.pumpEventsForHierarchy(ILjava/awt/Conditional;Ljava/awt/Component;)V+11
j  java.awt.EventDispatchThread.pumpEvents(ILjava/awt/Conditional;)V+4
j  java.awt.EventDispatchThread.pumpEvents(Ljava/awt/Conditional;)V+3
j  java.awt.EventDispatchThread.run()V+9
v  ~StubRoutines::call_stub

Java frames: (J=compiled Java code, j=interpreted, Vv=VM code)
j  sun.awt.shell.Win32ShellFolder2.getLinkLocation(JJZ)J+0
j  sun.awt.shell.Win32ShellFolder2.getLinkLocation(Z)Lsun/awt/shell/ShellFolder;+20
j  sun.awt.shell.Win32ShellFolder2.isDirectory()Z+69
j  sun.awt.shell.Win32ShellFolder2.isDirectory()Z+79
j  sun.awt.shell.Win32ShellFolderManager2.get(Ljava/lang/String;)Ljava/lang/Object;+156
j  sun.awt.shell.ShellFolder.get(Ljava/lang/String;)Ljava/lang/Object;+4
j  javax.swing.plaf.metal.MetalFileChooserUI.updateUseShellFolder()V+55
j  javax.swing.plaf.metal.MetalFileChooserUI.installComponents(Ljavax/swing/JFileChooser;)V+67
j  javax.swing.plaf.basic.BasicFileChooserUI.installUI(Ljavax/swing/JComponent;)V+47
j  javax.swing.plaf.metal.MetalFileChooserUI.installUI(Ljavax/swing/JComponent;)V+2
j  javax.swing.JComponent.setUI(Ljavax/swing/plaf/ComponentUI;)V+135
j  javax.swing.JFileChooser.updateUI()V+40
j  javax.swing.JFileChooser.setup(Ljavax/swing/filechooser/FileSystemView;)V+18
j  javax.swing.JFileChooser.<init>(Ljava/io/File;Ljavax/swing/filechooser/FileSystemView;)V+133
j  javax.swing.JFileChooser.<init>()V+9
j  imgsearch.gui.MainFrame.<init>()V+9
j  imgsearch.gui.MainFrame$15.run()V+4
j  java.awt.event.InvocationEvent.dispatch()V+47
j  java.awt.EventQueue.dispatchEvent(Ljava/awt/AWTEvent;)V+26
j  java.awt.EventDispatchThread.pumpOneEventForFilters(I)Z+156
j  java.awt.EventDispatchThread.pumpEventsForFilter(ILjava/awt/Conditional;Ljava/awt/EventFilter;)V+30
j  java.awt.EventDispatchThread.pumpEventsForHierarchy(ILjava/awt/Conditional;Ljava/awt/Component;)V+11
j  java.awt.EventDispatchThread.pumpEvents(ILjava/awt/Conditional;)V+4
j  java.awt.EventDispatchThread.pumpEvents(Ljava/awt/Conditional;)V+3
j  java.awt.EventDispatchThread.run()V+9
v  ~StubRoutines::call_stub

---------------  P R O C E S S  ---------------

Java Threads: ( => current thread )
  0x0473e400 JavaThread "Substance fade tracker" [_thread_blocked, id=12708]
  0x0473d800 JavaThread "DestroyJavaVM" [_thread_blocked, id=6788]
=>0x0473f800 JavaThread "AWT-EventQueue-0" [_thread_in_native, id=12436]
  0x04719c00 JavaThread "AWT-Windows" daemon [_thread_in_native, id=12760]
  0x04719800 JavaThread "AWT-Shutdown" [_thread_blocked, id=8232]
  0x040d3800 JavaThread "Java2D Disposer" daemon [_thread_blocked, id=8460]
  0x0404c400 JavaThread "Low Memory Detector" daemon [_thread_blocked, id=13244]
  0x04047000 JavaThread "CompilerThread0" daemon [_thread_blocked, id=40]
  0x04046800 JavaThread "Attach Listener" daemon [_thread_blocked, id=9032]
  0x04046400 JavaThread "Signal Dispatcher" daemon [_thread_blocked, id=8436]
  0x04007000 JavaThread "Finalizer" daemon [_thread_blocked, id=12984]
  0x04002400 JavaThread "Reference Handler" daemon [_thread_blocked, id=12868]

Other Threads:
  0x03ff9000 VMThread [id=9596]
  0x0404e400 WatcherThread [id=4748]

VM state:not at safepoint (normal execution)

VM Mutex/Monitor currently owned by a thread: None

Heap
 def new generation   total 960K, used 882K [0x240b0000, 0x241b0000, 0x24590000)
  eden space 896K,  91% used [0x240b0000, 0x2417cb58, 0x24190000)
  from space 64K, 100% used [0x241a0000, 0x241b0000, 0x241b0000)
  to   space 64K,   0% used [0x24190000, 0x24190000, 0x241a0000)
 tenured generation   total 12296K, used 10014K [0x24590000, 0x25192000, 0x280b0000)
   the space 12296K,  81% used [0x24590000, 0x24f57b40, 0x24f57c00, 0x25192000)
 compacting perm gen  total 12288K, used 1533K [0x280b0000, 0x28cb0000, 0x2c0b0000)
   the space 12288K,  12% used [0x280b0000, 0x2822f758, 0x2822f800, 0x28cb0000)
    ro space 8192K,  66% used [0x2c0b0000, 0x2c5f9920, 0x2c5f9a00, 0x2c8b0000)
    rw space 12288K,  52% used [0x2c8b0000, 0x2cef6130, 0x2cef6200, 0x2d4b0000)

Dynamic libraries:
0x00400000 - 0x00423000 	C:\Program Files (x86)\Java\jdk1.6.0\bin\java.exe
0x774b0000 - 0x77607000 	C:\Windows\SYSTEM32\ntdll.dll
0x75e30000 - 0x75f60000 	C:\Windows\SYSTEM32\KERNEL32.DLL
0x759d0000 - 0x75a77000 	C:\Windows\SYSTEM32\KERNELBASE.dll
0x73d10000 - 0x73db7000 	C:\Windows\system32\apphelp.dll
0x74db0000 - 0x74e5e000 	C:\Windows\SYSTEM32\ADVAPI32.dll
0x75fc0000 - 0x76071000 	C:\Windows\SYSTEM32\msvcrt.dll
0x75f60000 - 0x75f94000 	C:\Windows\SYSTEM32\sechost.dll
0x751d0000 - 0x7527c000 	C:\Windows\SYSTEM32\RPCRT4.dll
0x74aa0000 - 0x74abd000 	C:\Windows\SYSTEM32\SspiCli.dll
0x74a90000 - 0x74a99000 	C:\Windows\SYSTEM32\CRYPTBASE.dll
0x74a30000 - 0x74a81000 	C:\Windows\SYSTEM32\bcryptPrimitives.dll
0x7c340000 - 0x7c396000 	C:\Program Files (x86)\Java\jdk1.6.0\jre\bin\msvcr71.dll
0x6d7c0000 - 0x6da07000 	C:\Program Files (x86)\Java\jdk1.6.0\jre\bin\client\jvm.dll
0x752a0000 - 0x753b6000 	C:\Windows\SYSTEM32\USER32.dll
0x749f0000 - 0x74a11000 	C:\Windows\SYSTEM32\WINMM.dll
0x772f0000 - 0x773ed000 	C:\Windows\SYSTEM32\GDI32.dll
0x74370000 - 0x7439b000 	C:\Windows\SYSTEM32\WINMMBASE.dll
0x750a0000 - 0x750e6000 	C:\Windows\SYSTEM32\cfgmgr32.dll
0x75280000 - 0x7529e000 	C:\Windows\SYSTEM32\DEVOBJ.dll
0x75fa0000 - 0x75fc0000 	C:\Windows\system32\IMM32.DLL
0x750f0000 - 0x751ce000 	C:\Windows\SYSTEM32\MSCTF.dll
0x6d310000 - 0x6d318000 	C:\Program Files (x86)\Java\jdk1.6.0\jre\bin\hpi.dll
0x771a0000 - 0x771a6000 	C:\Windows\SYSTEM32\PSAPI.DLL
0x6d770000 - 0x6d77c000 	C:\Program Files (x86)\Java\jdk1.6.0\jre\bin\verify.dll
0x6d3b0000 - 0x6d3cf000 	C:\Program Files (x86)\Java\jdk1.6.0\jre\bin\java.dll
0x6d7b0000 - 0x6d7bf000 	C:\Program Files (x86)\Java\jdk1.6.0\jre\bin\zip.dll
0x6d000000 - 0x6d1c3000 	C:\Program Files (x86)\Java\jdk1.6.0\jre\bin\awt.dll
0x74990000 - 0x749f0000 	C:\Windows\SYSTEM32\WINSPOOL.DRV
0x75b40000 - 0x75c59000 	C:\Windows\SYSTEM32\ole32.dll
0x771b0000 - 0x772e6000 	C:\Windows\SYSTEM32\combase.dll
0x69330000 - 0x69574000 	C:\Windows\AppPatch\AcGenral.DLL
0x75060000 - 0x750a0000 	C:\Windows\SYSTEM32\SHLWAPI.dll
0x73f20000 - 0x73fa8000 	C:\Windows\SYSTEM32\UxTheme.dll
0x741b0000 - 0x741c2000 	C:\Windows\SYSTEM32\samcli.dll
0x75a80000 - 0x75b0b000 	C:\Windows\SYSTEM32\OLEAUT32.dll
0x743a0000 - 0x743b4000 	C:\Windows\SYSTEM32\MSACM32.dll
0x74980000 - 0x74988000 	C:\Windows\SYSTEM32\VERSION.dll
0x76080000 - 0x77146000 	C:\Windows\SYSTEM32\SHELL32.dll
0x77150000 - 0x7716b000 	C:\Windows\SYSTEM32\USERENV.dll
0x73f00000 - 0x73f19000 	C:\Windows\SYSTEM32\dwmapi.dll
0x75440000 - 0x75561000 	C:\Windows\SYSTEM32\urlmon.dll
0x73a80000 - 0x73a93000 	C:\Windows\SYSTEM32\MPR.dll
0x77170000 - 0x77181000 	C:\Windows\SYSTEM32\profapi.dll
0x74e60000 - 0x75059000 	C:\Windows\SYSTEM32\iertutil.dll
0x75570000 - 0x75727000 	C:\Windows\SYSTEM32\WININET.dll
0x742e0000 - 0x74353000 	C:\Windows\SYSTEM32\SHCORE.DLL
0x6d2b0000 - 0x6d303000 	C:\Program Files (x86)\Java\jdk1.6.0\jre\bin\fontmanager.dll
0x6d220000 - 0x6d243000 	C:\Program Files (x86)\Java\jdk1.6.0\jre\bin\dcpr.dll
0x04ed0000 - 0x04f71000 	c:\Program Files (x86)\Hewlett-Packard\HP ProtectTools Security Manager\Bin\DpoFeedb.dll
0x6dfd0000 - 0x6e019000 	c:\Program Files (x86)\Hewlett-Packard\HP ProtectTools Security Manager\Bin\DpoSet.dll
0x6d570000 - 0x6d583000 	C:\Program Files (x86)\Java\jdk1.6.0\jre\bin\net.dll
0x74cf0000 - 0x74d40000 	C:\Windows\SYSTEM32\WS2_32.dll
0x75b10000 - 0x75b18000 	C:\Windows\SYSTEM32\NSI.dll
0x705b0000 - 0x705fa000 	C:\Windows\system32\mswsock.dll
0x6d590000 - 0x6d599000 	C:\Program Files (x86)\Java\jdk1.6.0\jre\bin\nio.dll
0x741f0000 - 0x74277000 	C:\Windows\WinSxS\x86_microsoft.windows.common-controls_6595b64144ccf1df_5.82.9200.16658_none_bf1359a245f1cd12\comctl32.dll
0x75820000 - 0x759cf000 	C:\Windows\SYSTEM32\SETUPAPI.dll
0x753c0000 - 0x75434000 	C:\Windows\SYSTEM32\clbcatq.dll
0x701b0000 - 0x702c9000 	C:\Windows\system32\propsys.dll
0x69780000 - 0x69918000 	C:\Windows\system32\NetworkExplorer.dll
0x6d1d0000 - 0x6d1d8000 	C:\Windows\System32\drprov.dll
0x73dc0000 - 0x73dfe000 	C:\Windows\System32\WINSTA.dll
0x6c9d0000 - 0x6c9df000 	C:\Windows\System32\ntlanman.dll
0x6c9b0000 - 0x6c9c9000 	C:\Windows\System32\davclnt.dll
0x6c9a0000 - 0x6c9a9000 	C:\Windows\System32\DAVHLPR.dll
0x74280000 - 0x74290000 	C:\Windows\SYSTEM32\wkscli.dll
0x6c990000 - 0x6c99e000 	C:\Windows\SYSTEM32\cscapi.dll
0x742b0000 - 0x742bb000 	C:\Windows\SYSTEM32\netutils.dll
0x6d1e0000 - 0x6d1e9000 	C:\Windows\SYSTEM32\LINKINFO.dll
0x6a690000 - 0x6a744000 	C:\Windows\system32\SearchFolder.dll
0x6de80000 - 0x6deb5000 	C:\Windows\SYSTEM32\XmlLite.dll
0x73ed0000 - 0x73eea000 	C:\Windows\SYSTEM32\CRYPTSP.dll
0x73e00000 - 0x73e3e000 	C:\Windows\system32\rsaenh.dll

VM Arguments:
jvm_args: -Dfile.encoding=UTF-8
java_command: imgsearch.gui.MainFrame
Launcher Type: SUN_STANDARD

Environment Variables:
PATH=C:\Program Files (x86)\AMD APP\bin\x86_64;C:\Program Files (x86)\AMD APP\bin\x86;c:\Program Files (x86)\Intel\iCLS Client\;c:\Program Files\Intel\iCLS Client\;C:\Windows\system32;C:\Windows;C:\Windows\System32\Wbem;C:\Windows\System32\WindowsPowerShell\v1.0\;c:\Program Files (x86)\Hewlett-Packard\HP ProtectTools Security Manager\Bin\;C:\Program Files (x86)\ATI Technologies\ATI.ACE\Core-Static;C:\Program Files (x86)\Microsoft SQL Server\100\Tools\Binn\;C:\Program Files\Microsoft SQL Server\100\Tools\Binn\;C:\Program Files\Microsoft SQL Server\100\DTS\Binn\;C:\Program Files (x86)\Microsoft SQL Server\100\Tools\Binn\VSShell\Common7\IDE\;C:\Program Files (x86)\Microsoft SQL Server\100\DTS\Binn\;C:\Program Files (x86)\Microsoft Visual Studio 9.0\Common7\IDE\PrivateAssemblies\;C:\Program Files\MATLAB\R2013b\runtime\win64;C:\Program Files\MATLAB\R2013b\bin;C:\Program Files (x86)\Java\jdk1.6.0\bin.;C:\Program Files\Intel\Intel(R) Management Engine Components\DAL;C:\Program Files\Intel\Intel(R) Management Engine Components\IPT;C:\Program Files (x86)\Intel\Intel(R) Management Engine Components\DAL;C:\Program Files (x86)\Intel\Intel(R) Management Engine Components\IPT;C:\Program Files (x86)\Java\jdk1.6.0\bin.;
USERNAME=Rajesh
OS=Windows_NT
PROCESSOR_IDENTIFIER=Intel64 Family 6 Model 58 Stepping 9, GenuineIntel



---------------  S Y S T E M  ---------------

OS: Windows NT 6.2 Build 9200 

CPU:total 4 family 6, cmov, cx8, fxsr, mmx, sse, sse2

Memory: 4k page, physical 4072196k(901176k free), swap 4194303k(953408k free)

vm_info: Java HotSpot(TM) Client VM (1.6.0-b105) for windows-x86, built on Nov 29 2006 00:48:48 by "java_re" with unknown MS VC++:1310

